[0mGET /api/category/categories [32m200[0m 92.920 ms - 412[0m
[0mGET /favicon.ico [33m404[0m 10.050 ms - 150[0m
[0mGET /api/product/products [31m500[0m 72.212 ms - 89[0m
[0mGET /api/product/products [31m500[0m 101.103 ms - 88[0m
[0mGET /api/product/products [32m200[0m 296.602 ms - 26[0m
[0mGET /api/product/products [36m304[0m 71.678 ms - -[0m
[0mGET /api/product/products [36m304[0m 27.483 ms - -[0m
[0mGET /api/product/products [36m304[0m 21.180 ms - -[0m
[0mGET /api/product/products [32m200[0m 75.099 ms - 1884[0m
[0mGET /api/product/products [36m304[0m 65.552 ms - -[0m
[0mGET /api/product/products/productID [32m200[0m 70.183 ms - 27[0m
[0mGET /api/product/products/HOMEDRECT001 [32m200[0m 40.487 ms - 27[0m
[0mGET /api/product/products/HOMEDRECT001 [36m304[0m 98.907 ms - -[0m
[0mGET /api/product/products/HOMEDRECT001 [36m304[0m 20.875 ms - -[0m
[0mGET /api/product/products/HOMEDRECT001 [36m304[0m 12.940 ms - -[0m
[0mGET /api/product/products/HOMEDRECT001 [32m200[0m 380.368 ms - 537[0m
[0mGET /api/product/products/HOMEDRECT001 [36m304[0m 356.736 ms - -[0m
[0mPOST /api/user/login [33m400[0m 190.886 ms - 13[0m
[0mPOST /api/user/register [32m200[0m 771.613 ms - 112[0m
[0mPOST /api/user/verifyEmail [32m200[0m 51.425 ms - 93[0m
[0mPOST /api/user/login [32m200[0m 186.445 ms - 450[0m
[0mGET /api/product/products/ [32m200[0m 95.021 ms - 1884[0m
[0mGET /api/product/categories [33m404[0m 14.572 ms - 37[0m
[0mGET /api/category/categories [32m200[0m 441.018 ms - 412[0m
[0mGET /api/category/categories [36m304[0m 11.748 ms - -[0m
[0mGET /api/category/categories [36m304[0m 45.964 ms - -[0m
[0mGET /api/category/categories [36m304[0m 62.091 ms - -[0m
[0mGET /api/category/categories [36m304[0m 8.101 ms - -[0m
[0mGET /api/category/categories [36m304[0m 58.788 ms - -[0m
